{"/home/node/app/src/contants.ts": {"path":"/home/node/app/src/contants.ts","statementMap":{"0":{"start":{"line":1,"column":13},"end":{"line":4,"column":2}}},"fnMap":{},"branchMap":{},"s":{"0":1},"f":{},"b":{}}
,"/home/node/app/src/services/container.ts": {"path":"/home/node/app/src/services/container.ts","statementMap":{"0":{"start":{"line":1,"column":0},"end":{"line":1,"column":38}},"1":{"start":{"line":3,"column":0},"end":{"line":3,"column":51}},"2":{"start":{"line":4,"column":0},"end":{"line":4,"column":46}},"3":{"start":{"line":6,"column":0},"end":{"line":6,"column":52}},"4":{"start":{"line":8,"column":18},"end":{"line":8,"column":33}},"5":{"start":{"line":10,"column":0},"end":{"line":10,"column":97}},"6":{"start":{"line":11,"column":0},"end":{"line":11,"column":106}},"7":{"start":{"line":13,"column":0},"end":{"line":13,"column":25}}},"fnMap":{},"branchMap":{},"s":{"0":1,"1":1,"2":1,"3":1,"4":1,"5":1,"6":1,"7":1},"f":{},"b":{}}
,"/home/node/app/src/services/user/schema.ts": {"path":"/home/node/app/src/services/user/schema.ts","statementMap":{"0":{"start":{"line":1,"column":0},"end":{"line":1,"column":32}},"1":{"start":{"line":3,"column":19},"end":{"line":7,"column":2}},"2":{"start":{"line":9,"column":13},"end":{"line":9,"column":47}},"3":{"start":{"line":11,"column":0},"end":{"line":11,"column":20}}},"fnMap":{},"branchMap":{},"s":{"0":1,"1":1,"2":1,"3":1},"f":{},"b":{}}
,"/home/node/app/src/services/user/user.repository.ts": {"path":"/home/node/app/src/services/user/user.repository.ts","statementMap":{"0":{"start":{"line":1,"column":0},"end":{"line":1,"column":39}},"1":{"start":{"line":2,"column":0},"end":{"line":2,"column":26}},"2":{"start":{"line":4,"column":0},"end":{"line":4,"column":28}},"3":{"start":{"line":8,"column":0},"end":{"line":45,"column":null}},"4":{"start":{"line":10,"column":18},"end":{"line":14,"column":4}},"5":{"start":{"line":15,"column":2},"end":{"line":15,"column":23}},"6":{"start":{"line":19,"column":15},"end":{"line":28,"column":11}},"7":{"start":{"line":29,"column":2},"end":{"line":29,"column":14}},"8":{"start":{"line":33,"column":15},"end":{"line":42,"column":11}},"9":{"start":{"line":43,"column":2},"end":{"line":43,"column":14}},"10":{"start":{"line":8,"column":6},"end":{"line":45,"column":null}},"11":{"start":{"line":47,"column":0},"end":{"line":47,"column":30}}},"fnMap":{"0":{"name":"(anonymous_9)","decl":{"start":{"line":9,"column":14},"end":{"line":9,"column":24}},"loc":{"start":{"line":9,"column":70},"end":{"line":16,"column":null}}},"1":{"name":"(anonymous_11)","decl":{"start":{"line":18,"column":14},"end":{"line":18,"column":36}},"loc":{"start":{"line":18,"column":64},"end":{"line":30,"column":null}}},"2":{"name":"(anonymous_13)","decl":{"start":{"line":32,"column":14},"end":{"line":32,"column":38}},"loc":{"start":{"line":32,"column":66},"end":{"line":44,"column":null}}}},"branchMap":{},"s":{"0":1,"1":1,"2":1,"3":1,"4":0,"5":0,"6":0,"7":0,"8":0,"9":0,"10":1,"11":1},"f":{"0":0,"1":0,"2":0},"b":{}}
,"/home/node/app/src/services/user/user.service.ts": {"path":"/home/node/app/src/services/user/user.service.ts","statementMap":{"0":{"start":{"line":1,"column":0},"end":{"line":1,"column":26}},"1":{"start":{"line":2,"column":0},"end":{"line":2,"column":28}},"2":{"start":{"line":3,"column":0},"end":{"line":3,"column":47}},"3":{"start":{"line":6,"column":0},"end":{"line":6,"column":54}},"4":{"start":{"line":8,"column":19},"end":{"line":8,"column":21}},"5":{"start":{"line":11,"column":0},"end":{"line":34,"column":null}},"6":{"start":{"line":15,"column":2},"end":{"line":17,"column":null}},"7":{"start":{"line":16,"column":3},"end":{"line":16,"column":63}},"8":{"start":{"line":18,"column":16},"end":{"line":18,"column":77}},"9":{"start":{"line":19,"column":2},"end":{"line":21,"column":null}},"10":{"start":{"line":20,"column":3},"end":{"line":20,"column":43}},"11":{"start":{"line":22,"column":25},"end":{"line":22,"column":64}},"12":{"start":{"line":23,"column":2},"end":{"line":23,"column":62}},"13":{"start":{"line":27,"column":15},"end":{"line":27,"column":78}},"14":{"start":{"line":29,"column":2},"end":{"line":31,"column":null}},"15":{"start":{"line":30,"column":3},"end":{"line":30,"column":70}},"16":{"start":{"line":32,"column":2},"end":{"line":32,"column":14}},"17":{"start":{"line":12,"column":45},"end":{"line":12,"column":null}},"18":{"start":{"line":11,"column":6},"end":{"line":34,"column":null}},"19":{"start":{"line":36,"column":0},"end":{"line":36,"column":27}}},"fnMap":{"0":{"name":"(anonymous_10)","decl":{"start":{"line":14,"column":14},"end":{"line":14,"column":27}},"loc":{"start":{"line":14,"column":73},"end":{"line":24,"column":null}}},"1":{"name":"(anonymous_12)","decl":{"start":{"line":26,"column":14},"end":{"line":26,"column":35}},"loc":{"start":{"line":26,"column":63},"end":{"line":33,"column":null}}}},"branchMap":{"0":{"loc":{"start":{"line":15,"column":2},"end":{"line":17,"column":null}},"type":"if","locations":[{"start":{"line":15,"column":2},"end":{"line":17,"column":null}},{"start":{"line":15,"column":2},"end":{"line":17,"column":null}}]},"1":{"loc":{"start":{"line":15,"column":6},"end":{"line":15,"column":11}},"type":"binary-expr","locations":[{"start":{"line":15,"column":6},"end":{"line":15,"column":11}},{"start":{"line":15,"column":15},"end":{"line":15,"column":21}},{"start":{"line":15,"column":25},"end":{"line":15,"column":34}}]},"2":{"loc":{"start":{"line":19,"column":2},"end":{"line":21,"column":null}},"type":"if","locations":[{"start":{"line":19,"column":2},"end":{"line":21,"column":null}},{"start":{"line":19,"column":2},"end":{"line":21,"column":null}}]},"3":{"loc":{"start":{"line":29,"column":2},"end":{"line":31,"column":null}},"type":"if","locations":[{"start":{"line":29,"column":2},"end":{"line":31,"column":null}},{"start":{"line":29,"column":2},"end":{"line":31,"column":null}}]}},"s":{"0":1,"1":1,"2":1,"3":1,"4":1,"5":1,"6":2,"7":0,"8":2,"9":2,"10":1,"11":1,"12":1,"13":2,"14":2,"15":1,"16":1,"17":1,"18":1,"19":1},"f":{"0":2,"1":2},"b":{"0":[0,2],"1":[2,2,2],"2":[1,1],"3":[1,1]}}
,"/home/node/app/src/services/user/tests/user.repository.mock.ts": {"path":"/home/node/app/src/services/user/tests/user.repository.mock.ts","statementMap":{"0":{"start":{"line":1,"column":0},"end":{"line":1,"column":39}},"1":{"start":{"line":5,"column":22},"end":{"line":5,"column":39}},"2":{"start":{"line":6,"column":13},"end":{"line":11,"column":9}},"3":{"start":{"line":14,"column":0},"end":{"line":34,"column":null}},"4":{"start":{"line":16,"column":2},"end":{"line":16,"column":45}},"5":{"start":{"line":16,"column":33},"end":{"line":16,"column":42}},"6":{"start":{"line":19,"column":2},"end":{"line":24,"column":null}},"7":{"start":{"line":20,"column":38},"end":{"line":22,"column":12}},"8":{"start":{"line":23,"column":3},"end":{"line":23,"column":53}},"9":{"start":{"line":23,"column":33},"end":{"line":23,"column":51}},"10":{"start":{"line":25,"column":2},"end":{"line":25,"column":45}},"11":{"start":{"line":25,"column":32},"end":{"line":25,"column":43}},"12":{"start":{"line":29,"column":2},"end":{"line":31,"column":null}},"13":{"start":{"line":30,"column":3},"end":{"line":30,"column":52}},"14":{"start":{"line":30,"column":33},"end":{"line":30,"column":50}},"15":{"start":{"line":32,"column":2},"end":{"line":32,"column":47}},"16":{"start":{"line":32,"column":32},"end":{"line":32,"column":45}},"17":{"start":{"line":14,"column":13},"end":{"line":34,"column":null}},"18":{"start":{"line":14,"column":13},"end":{"line":14,"column":31}}},"fnMap":{"0":{"name":"(anonymous_8)","decl":{"start":{"line":15,"column":14},"end":{"line":15,"column":24}},"loc":{"start":{"line":15,"column":70},"end":{"line":17,"column":null}}},"1":{"name":"(anonymous_10)","decl":{"start":{"line":16,"column":22},"end":{"line":16,"column":29}},"loc":{"start":{"line":16,"column":33},"end":{"line":16,"column":42}}},"2":{"name":"(anonymous_11)","decl":{"start":{"line":18,"column":14},"end":{"line":18,"column":36}},"loc":{"start":{"line":18,"column":64},"end":{"line":26,"column":null}}},"3":{"name":"(anonymous_13)","decl":{"start":{"line":23,"column":22},"end":{"line":23,"column":29}},"loc":{"start":{"line":23,"column":33},"end":{"line":23,"column":51}}},"4":{"name":"(anonymous_14)","decl":{"start":{"line":25,"column":21},"end":{"line":25,"column":28}},"loc":{"start":{"line":25,"column":32},"end":{"line":25,"column":43}}},"5":{"name":"(anonymous_15)","decl":{"start":{"line":28,"column":14},"end":{"line":28,"column":38}},"loc":{"start":{"line":28,"column":66},"end":{"line":33,"column":null}}},"6":{"name":"(anonymous_17)","decl":{"start":{"line":30,"column":22},"end":{"line":30,"column":29}},"loc":{"start":{"line":30,"column":33},"end":{"line":30,"column":50}}},"7":{"name":"(anonymous_18)","decl":{"start":{"line":32,"column":21},"end":{"line":32,"column":28}},"loc":{"start":{"line":32,"column":32},"end":{"line":32,"column":45}}}},"branchMap":{"0":{"loc":{"start":{"line":19,"column":2},"end":{"line":24,"column":null}},"type":"if","locations":[{"start":{"line":19,"column":2},"end":{"line":24,"column":null}},{"start":{"line":19,"column":2},"end":{"line":24,"column":null}}]},"1":{"loc":{"start":{"line":29,"column":2},"end":{"line":31,"column":null}},"type":"if","locations":[{"start":{"line":29,"column":2},"end":{"line":31,"column":null}},{"start":{"line":29,"column":2},"end":{"line":31,"column":null}}]}},"s":{"0":1,"1":1,"2":1,"3":1,"4":1,"5":1,"6":2,"7":1,"8":1,"9":1,"10":1,"11":1,"12":2,"13":1,"14":1,"15":1,"16":1,"17":1,"18":1},"f":{"0":1,"1":1,"2":2,"3":1,"4":1,"5":2,"6":1,"7":1},"b":{"0":[1,1],"1":[1,1]}}
}
