TN:
SF:/home/node/app/src/contants.ts
FNF:0
FNH:0
DA:1,1
LF:1
LH:1
BRF:0
BRH:0
end_of_record
TN:
SF:/home/node/app/src/services/container.ts
FNF:0
FNH:0
DA:1,1
DA:3,1
DA:4,1
DA:6,1
DA:8,1
DA:10,1
DA:11,1
DA:13,1
LF:8
LH:8
BRF:0
BRH:0
end_of_record
TN:
SF:/home/node/app/src/services/user/schema.ts
FNF:0
FNH:0
DA:1,1
DA:3,1
DA:9,1
DA:11,1
LF:4
LH:4
BRF:0
BRH:0
end_of_record
TN:
SF:/home/node/app/src/services/user/user.repository.ts
FN:9,(anonymous_9)
FN:18,(anonymous_11)
FN:33,(anonymous_13)
FNF:3
FNH:0
FNDA:0,(anonymous_9)
FNDA:0,(anonymous_11)
FNDA:0,(anonymous_13)
DA:1,1
DA:2,1
DA:4,1
DA:8,1
DA:10,0
DA:15,0
DA:19,0
DA:20,0
DA:30,0
DA:34,0
DA:44,0
DA:48,1
LF:12
LH:5
BRF:0
BRH:0
end_of_record
TN:
SF:/home/node/app/src/services/user/user.service.ts
FN:14,(anonymous_10)
FN:26,(anonymous_12)
FNF:2
FNH:2
FNDA:2,(anonymous_10)
FNDA:2,(anonymous_12)
DA:1,1
DA:2,1
DA:3,1
DA:6,1
DA:8,1
DA:11,1
DA:12,1
DA:15,2
DA:16,0
DA:18,2
DA:19,2
DA:20,1
DA:22,1
DA:23,1
DA:27,2
DA:29,2
DA:30,1
DA:32,1
DA:36,1
LF:19
LH:18
BRDA:15,0,0,0
BRDA:15,0,1,2
BRDA:15,1,0,2
BRDA:15,1,1,2
BRDA:15,1,2,2
BRDA:19,2,0,1
BRDA:19,2,1,1
BRDA:29,3,0,1
BRDA:29,3,1,1
BRF:9
BRH:8
end_of_record
TN:
SF:/home/node/app/src/services/user/tests/user.repository.mock.ts
FN:15,(anonymous_8)
FN:16,(anonymous_10)
FN:18,(anonymous_11)
FN:23,(anonymous_13)
FN:25,(anonymous_14)
FN:28,(anonymous_15)
FN:30,(anonymous_17)
FN:32,(anonymous_18)
FNF:8
FNH:8
FNDA:1,(anonymous_8)
FNDA:1,(anonymous_10)
FNDA:2,(anonymous_11)
FNDA:1,(anonymous_13)
FNDA:1,(anonymous_14)
FNDA:2,(anonymous_15)
FNDA:1,(anonymous_17)
FNDA:1,(anonymous_18)
DA:1,1
DA:5,1
DA:6,1
DA:14,1
DA:16,1
DA:19,2
DA:20,1
DA:23,1
DA:25,1
DA:29,2
DA:30,1
DA:32,1
LF:12
LH:12
BRDA:19,0,0,1
BRDA:19,0,1,1
BRDA:29,1,0,1
BRDA:29,1,1,1
BRF:4
BRH:4
end_of_record
